

*******************************************************************************
Sun May 29 10:59:20 2016


FIT:    data read from "./data/Nacho/cena_gala_nacho.dat"
        format = z
        #datapoints = 250
        residuals are weighted equally (unit weight)

function used for fitting: lineal(x)
fitted parameters initialized with current variable values



 Iteration 0
 WSSR        : 5.30038e+06       delta(WSSR)/WSSR   : 0
 delta(WSSR) : 0                 limit for stopping : 1e-05
 lambda	  : 102.371

initial set of free parameter values

l0              = 1
l1              = 1

After 5 iterations the fit converged.
final sum of squares of residuals : 0.023805
rel. change during last iteration : -8.14383e-09

degrees of freedom    (FIT_NDF)                        : 248
rms of residuals      (FIT_STDFIT) = sqrt(WSSR/ndf)    : 0.00979734
variance of residuals (reduced chisquare) = WSSR/ndf   : 9.59879e-05

Final set of parameters            Asymptotic Standard Error
=======================            ==========================

l0              = 0.000318853      +/- 8.586e-06    (2.693%)
l1              = -0.0175747       +/- 0.001243     (7.073%)


correlation matrix of the fit parameters:

               l0     l1     
l0              1.000 
l1             -0.867  1.000 


*******************************************************************************
Sun May 29 10:59:20 2016


FIT:    data read from "./data/Nacho/cena_gala_nacho.dat"
        format = z
        #datapoints = 250
        residuals are weighted equally (unit weight)

function used for fitting: cuadratica(x)
fitted parameters initialized with current variable values



 Iteration 0
 WSSR        : 1.99255e+11       delta(WSSR)/WSSR   : 0
 delta(WSSR) : 0                 limit for stopping : 1e-05
 lambda	  : 16218.3

initial set of free parameter values

c0              = 1
c1              = 1
c2              = 1

After 8 iterations the fit converged.
final sum of squares of residuals : 0.00071551
rel. change during last iteration : -2.09109e-14

degrees of freedom    (FIT_NDF)                        : 247
rms of residuals      (FIT_STDFIT) = sqrt(WSSR/ndf)    : 0.001702
variance of residuals (reduced chisquare) = WSSR/ndf   : 2.8968e-06

Final set of parameters            Asymptotic Standard Error
=======================            ==========================

c0              = 2.06305e-06      +/- 2.311e-08    (1.12%)
c1              = -0.000198974     +/- 5.989e-06    (3.01%)
c2              = 0.00417404       +/- 0.0003255    (7.799%)


correlation matrix of the fit parameters:

               c0     c1     c2     
c0              1.000 
c1             -0.968  1.000 
c2              0.748 -0.868  1.000 


*******************************************************************************
Sun May 29 18:26:49 2016


FIT:    data read from "./data/Nacho/cena_gala_nacho.dat"
        format = z
        #datapoints = 500
        residuals are weighted equally (unit weight)

function used for fitting: lineal(x)
fitted parameters initialized with current variable values



 Iteration 0
 WSSR        : 1.06008e+07       delta(WSSR)/WSSR   : 0
 delta(WSSR) : 0                 limit for stopping : 1e-05
 lambda	  : 102.371

initial set of free parameter values

l0              = 1
l1              = 1

After 5 iterations the fit converged.
final sum of squares of residuals : 0.0477125
rel. change during last iteration : -2.71132e-10

degrees of freedom    (FIT_NDF)                        : 498
rms of residuals      (FIT_STDFIT) = sqrt(WSSR/ndf)    : 0.00978817
variance of residuals (reduced chisquare) = WSSR/ndf   : 9.58083e-05

Final set of parameters            Asymptotic Standard Error
=======================            ==========================

l0              = 0.000318649      +/- 6.066e-06    (1.904%)
l1              = -0.0175958       +/- 0.0008781    (4.99%)


correlation matrix of the fit parameters:

               l0     l1     
l0              1.000 
l1             -0.867  1.000 


*******************************************************************************
Sun May 29 18:26:49 2016


FIT:    data read from "./data/Nacho/cena_gala_nacho.dat"
        format = z
        #datapoints = 500
        residuals are weighted equally (unit weight)

function used for fitting: cuadratica(x)
fitted parameters initialized with current variable values



 Iteration 0
 WSSR        : 3.9851e+11        delta(WSSR)/WSSR   : 0
 delta(WSSR) : 0                 limit for stopping : 1e-05
 lambda	  : 16218.3

initial set of free parameter values

c0              = 1
c1              = 1
c2              = 1

After 8 iterations the fit converged.
final sum of squares of residuals : 0.00133636
rel. change during last iteration : -1.46036e-15

degrees of freedom    (FIT_NDF)                        : 497
rms of residuals      (FIT_STDFIT) = sqrt(WSSR/ndf)    : 0.00163977
variance of residuals (reduced chisquare) = WSSR/ndf   : 2.68885e-06

Final set of parameters            Asymptotic Standard Error
=======================            ==========================

c0              = 2.06746e-06      +/- 1.574e-08    (0.7614%)
c1              = -0.000200283     +/- 4.08e-06     (2.037%)
c2              = 0.00419934       +/- 0.0002218    (5.281%)


correlation matrix of the fit parameters:

               c0     c1     c2     
c0              1.000 
c1             -0.968  1.000 
c2              0.748 -0.868  1.000 


*******************************************************************************
Sun May 29 18:46:26 2016


FIT:    data read from "./data/Nacho/cena_gala_nacho.dat"
        format = z
        #datapoints = 750
        residuals are weighted equally (unit weight)

function used for fitting: lineal(x)
fitted parameters initialized with current variable values



 Iteration 0
 WSSR        : 1.59011e+07       delta(WSSR)/WSSR   : 0
 delta(WSSR) : 0                 limit for stopping : 1e-05
 lambda	  : 102.371

initial set of free parameter values

l0              = 1
l1              = 1

After 5 iterations the fit converged.
final sum of squares of residuals : 0.0719106
rel. change during last iteration : -3.27871e-11

degrees of freedom    (FIT_NDF)                        : 748
rms of residuals      (FIT_STDFIT) = sqrt(WSSR/ndf)    : 0.00980495
variance of residuals (reduced chisquare) = WSSR/ndf   : 9.61371e-05

Final set of parameters            Asymptotic Standard Error
=======================            ==========================

l0              = 0.000318954      +/- 4.961e-06    (1.555%)
l1              = -0.0176277       +/- 0.0007182    (4.074%)


correlation matrix of the fit parameters:

               l0     l1     
l0              1.000 
l1             -0.867  1.000 


*******************************************************************************
Sun May 29 18:46:26 2016


FIT:    data read from "./data/Nacho/cena_gala_nacho.dat"
        format = z
        #datapoints = 750
        residuals are weighted equally (unit weight)

function used for fitting: cuadratica(x)
fitted parameters initialized with current variable values



 Iteration 0
 WSSR        : 5.97765e+11       delta(WSSR)/WSSR   : 0
 delta(WSSR) : 0                 limit for stopping : 1e-05
 lambda	  : 16218.3

initial set of free parameter values

c0              = 1
c1              = 1
c2              = 1

After 7 iterations the fit converged.
final sum of squares of residuals : 0.00198911
rel. change during last iteration : -2.27135e-06

degrees of freedom    (FIT_NDF)                        : 747
rms of residuals      (FIT_STDFIT) = sqrt(WSSR/ndf)    : 0.00163181
variance of residuals (reduced chisquare) = WSSR/ndf   : 2.6628e-06

Final set of parameters            Asymptotic Standard Error
=======================            ==========================

c0              = 2.07276e-06      +/- 1.279e-08    (0.6171%)
c1              = -0.000201308     +/- 3.315e-06    (1.647%)
c2              = 0.00422327       +/- 0.0001802    (4.267%)


correlation matrix of the fit parameters:

               c0     c1     c2     
c0              1.000 
c1             -0.968  1.000 
c2              0.748 -0.868  1.000 


*******************************************************************************
Sun May 29 18:46:26 2016


FIT:    data read from "./data/Nacho/cena_gala_backtracking_cuentaperdida.dat"
        format = z
        #datapoints = 24
        residuals are weighted equally (unit weight)

function used for fitting: factorial(x)
fitted parameters initialized with current variable values



*******************************************************************************
Sun May 29 18:49:13 2016


FIT:    data read from "./data/Nacho/cena_gala_nacho.dat"
        format = z
        #datapoints = 1000
        residuals are weighted equally (unit weight)

function used for fitting: lineal(x)
fitted parameters initialized with current variable values



 Iteration 0
 WSSR        : 2.12015e+07       delta(WSSR)/WSSR   : 0
 delta(WSSR) : 0                 limit for stopping : 1e-05
 lambda	  : 102.371

initial set of free parameter values

l0              = 1
l1              = 1

After 5 iterations the fit converged.
final sum of squares of residuals : 0.0966026
rel. change during last iteration : -6.93382e-12

degrees of freedom    (FIT_NDF)                        : 998
rms of residuals      (FIT_STDFIT) = sqrt(WSSR/ndf)    : 0.00983851
variance of residuals (reduced chisquare) = WSSR/ndf   : 9.67962e-05

Final set of parameters            Asymptotic Standard Error
=======================            ==========================

l0              = 0.000319088      +/- 4.311e-06    (1.351%)
l1              = -0.0176435       +/- 0.0006241    (3.537%)


correlation matrix of the fit parameters:

               l0     l1     
l0              1.000 
l1             -0.867  1.000 


*******************************************************************************
Sun May 29 18:49:13 2016


FIT:    data read from "./data/Nacho/cena_gala_nacho.dat"
        format = z
        #datapoints = 1000
        residuals are weighted equally (unit weight)

function used for fitting: cuadratica(x)
fitted parameters initialized with current variable values



 Iteration 0
 WSSR        : 7.9702e+11        delta(WSSR)/WSSR   : 0
 delta(WSSR) : 0                 limit for stopping : 1e-05
 lambda	  : 16218.3

initial set of free parameter values

c0              = 1
c1              = 1
c2              = 1

After 7 iterations the fit converged.
final sum of squares of residuals : 0.00285152
rel. change during last iteration : -5.8175e-07

degrees of freedom    (FIT_NDF)                        : 997
rms of residuals      (FIT_STDFIT) = sqrt(WSSR/ndf)    : 0.00169118
variance of residuals (reduced chisquare) = WSSR/ndf   : 2.8601e-06

Final set of parameters            Asymptotic Standard Error
=======================            ==========================

c0              = 2.07856e-06      +/- 1.148e-08    (0.5523%)
c1              = -0.000202629     +/- 2.975e-06    (1.468%)
c2              = 0.00426864       +/- 0.0001617    (3.789%)


correlation matrix of the fit parameters:

               c0     c1     c2     
c0              1.000 
c1             -0.968  1.000 
c2              0.748 -0.868  1.000 


*******************************************************************************
Sun May 29 18:49:13 2016


FIT:    data read from "./data/Nacho/cena_gala_backtracking_cuentaperdida.dat"
        format = z
        #datapoints = 36
        residuals are weighted equally (unit weight)

function used for fitting: factorial(x)
fitted parameters initialized with current variable values



 Iteration 0
 WSSR        : 6.93147e+17       delta(WSSR)/WSSR   : 0
 delta(WSSR) : 0                 limit for stopping : 1e-05
 lambda	  : 9.81175e+07

initial set of free parameter values

a               = 1
b               = 1

After 4 iterations the fit converged.
final sum of squares of residuals : 2767.14
rel. change during last iteration : -1.84432e-09

degrees of freedom    (FIT_NDF)                        : 34
rms of residuals      (FIT_STDFIT) = sqrt(WSSR/ndf)    : 9.02145
variance of residuals (reduced chisquare) = WSSR/ndf   : 81.3866

Final set of parameters            Asymptotic Standard Error
=======================            ==========================

a               = 8.0312e-08       +/- 1.141e-08    (14.21%)
b               = 1                +/- 1.584        (158.4%)


correlation matrix of the fit parameters:

               a      b      
a               1.000 
b              -0.314  1.000 


*******************************************************************************
Tue May 31 16:01:35 2016


FIT:    data read from "./data/Nacho/cena_gala_nacho.dat"
        format = z
        #datapoints = 1250
        residuals are weighted equally (unit weight)

function used for fitting: lineal(x)
fitted parameters initialized with current variable values



 Iteration 0
 WSSR        : 2.65003e+07       delta(WSSR)/WSSR   : 0
 delta(WSSR) : 0                 limit for stopping : 1e-05
 lambda	  : 102.371

initial set of free parameter values

l0              = 1
l1              = 1

After 5 iterations the fit converged.
final sum of squares of residuals : 0.27053
rel. change during last iteration : -9.13317e-13

degrees of freedom    (FIT_NDF)                        : 1248
rms of residuals      (FIT_STDFIT) = sqrt(WSSR/ndf)    : 0.0147232
variance of residuals (reduced chisquare) = WSSR/ndf   : 0.000216771

Final set of parameters            Asymptotic Standard Error
=======================            ==========================

l0              = 0.000364227      +/- 5.77e-06     (1.584%)
l1              = -0.0201683       +/- 0.0008354    (4.142%)


correlation matrix of the fit parameters:

               l0     l1     
l0              1.000 
l1             -0.867  1.000 


*******************************************************************************
Tue May 31 16:01:35 2016


FIT:    data read from "./data/Nacho/cena_gala_nacho.dat"
        format = z
        #datapoints = 1250
        residuals are weighted equally (unit weight)

function used for fitting: cuadratica(x)
fitted parameters initialized with current variable values



 Iteration 0
 WSSR        : 9.96274e+11       delta(WSSR)/WSSR   : 0
 delta(WSSR) : 0                 limit for stopping : 1e-05
 lambda	  : 16218.3

initial set of free parameter values

c0              = 1
c1              = 1
c2              = 1

After 7 iterations the fit converged.
final sum of squares of residuals : 0.117498
rel. change during last iteration : -6.31284e-09

degrees of freedom    (FIT_NDF)                        : 1247
rms of residuals      (FIT_STDFIT) = sqrt(WSSR/ndf)    : 0.00970692
variance of residuals (reduced chisquare) = WSSR/ndf   : 9.42243e-05

Final set of parameters            Asymptotic Standard Error
=======================            ==========================

c0              = 2.37526e-06      +/- 5.894e-08    (2.481%)
c1              = -0.000231962     +/- 1.527e-05    (6.585%)
c2              = 0.00487164       +/- 0.0008303    (17.04%)


correlation matrix of the fit parameters:

               c0     c1     c2     
c0              1.000 
c1             -0.968  1.000 
c2              0.748 -0.868  1.000 


*******************************************************************************
Tue May 31 16:01:37 2016


FIT:    data read from "./data/Nacho/cena_gala_backtracking_cuentaperdida.dat"
        format = z
        #datapoints = 46
        residuals are weighted equally (unit weight)

function used for fitting: factorial(x)
fitted parameters initialized with current variable values



 Iteration 0
 WSSR        : 6.93161e+17       delta(WSSR)/WSSR   : 0
 delta(WSSR) : 0                 limit for stopping : 1e-05
 lambda	  : 8.68007e+07

initial set of free parameter values

a               = 1
b               = 1

After 4 iterations the fit converged.
final sum of squares of residuals : 2777.24
rel. change during last iteration : -6.02676e-10

degrees of freedom    (FIT_NDF)                        : 44
rms of residuals      (FIT_STDFIT) = sqrt(WSSR/ndf)    : 7.94475
variance of residuals (reduced chisquare) = WSSR/ndf   : 63.119

Final set of parameters            Asymptotic Standard Error
=======================            ==========================

a               = 8.03058e-08      +/- 9.936e-09    (12.37%)
b               = 1                +/- 1.22         (122%)


correlation matrix of the fit parameters:

               a      b      
a               1.000 
b              -0.279  1.000 


*******************************************************************************
Tue May 31 16:07:00 2016


FIT:    data read from "./data/Nacho/cena_gala_nacho.dat"
        format = z
        #datapoints = 250
        residuals are weighted equally (unit weight)

function used for fitting: lineal(x)
fitted parameters initialized with current variable values



 Iteration 0
 WSSR        : 5.30038e+06       delta(WSSR)/WSSR   : 0
 delta(WSSR) : 0                 limit for stopping : 1e-05
 lambda	  : 102.371

initial set of free parameter values

l0              = 1
l1              = 1

After 5 iterations the fit converged.
final sum of squares of residuals : 0.0237193
rel. change during last iteration : -8.17304e-09

degrees of freedom    (FIT_NDF)                        : 248
rms of residuals      (FIT_STDFIT) = sqrt(WSSR/ndf)    : 0.0097797
variance of residuals (reduced chisquare) = WSSR/ndf   : 9.56425e-05

Final set of parameters            Asymptotic Standard Error
=======================            ==========================

l0              = 0.000318226      +/- 8.571e-06    (2.693%)
l1              = -0.0175623       +/- 0.001241     (7.065%)


correlation matrix of the fit parameters:

               l0     l1     
l0              1.000 
l1             -0.867  1.000 


*******************************************************************************
Tue May 31 16:07:00 2016


FIT:    data read from "./data/Nacho/cena_gala_nacho.dat"
        format = z
        #datapoints = 250
        residuals are weighted equally (unit weight)

function used for fitting: cuadratica(x)
fitted parameters initialized with current variable values



 Iteration 0
 WSSR        : 1.99255e+11       delta(WSSR)/WSSR   : 0
 delta(WSSR) : 0                 limit for stopping : 1e-05
 lambda	  : 16218.3

initial set of free parameter values

c0              = 1
c1              = 1
c2              = 1

After 8 iterations the fit converged.
final sum of squares of residuals : 0.000652302
rel. change during last iteration : -2.16075e-14

degrees of freedom    (FIT_NDF)                        : 247
rms of residuals      (FIT_STDFIT) = sqrt(WSSR/ndf)    : 0.00162508
variance of residuals (reduced chisquare) = WSSR/ndf   : 2.6409e-06

Final set of parameters            Asymptotic Standard Error
=======================            ==========================

c0              = 2.06205e-06      +/- 2.206e-08    (1.07%)
c1              = -0.000199349     +/- 5.718e-06    (2.868%)
c2              = 0.00417582       +/- 0.0003108    (7.443%)


correlation matrix of the fit parameters:

               c0     c1     c2     
c0              1.000 
c1             -0.968  1.000 
c2              0.748 -0.868  1.000 


*******************************************************************************
Tue May 31 16:07:00 2016


FIT:    data read from "./data/Nacho/cena_gala_backtracking_cuentaperdida.dat"
        format = z
        #datapoints = 10
        residuals are weighted equally (unit weight)

function used for fitting: factorial(x)
fitted parameters initialized with current variable values



 Iteration 0
 WSSR        : 1.33015e+13       delta(WSSR)/WSSR   : 0
 delta(WSSR) : 0                 limit for stopping : 1e-05
 lambda	  : 815522

initial set of free parameter values

a               = 1
b               = 1

After 10 iterations the fit converged.
final sum of squares of residuals : 0.000541654
rel. change during last iteration : -6.00496e-16

degrees of freedom    (FIT_NDF)                        : 8
rms of residuals      (FIT_STDFIT) = sqrt(WSSR/ndf)    : 0.00822841
variance of residuals (reduced chisquare) = WSSR/ndf   : 6.77067e-05

Final set of parameters            Asymptotic Standard Error
=======================            ==========================

a               = 4.28802e-07      +/- 2.409e-09    (0.5617%)
b               = 0.00279658       +/- 0.002778     (99.33%)


correlation matrix of the fit parameters:

               a      b      
a               1.000 
b              -0.350  1.000 


*******************************************************************************
Tue May 31 16:08:17 2016


FIT:    data read from "./data/Nacho/cena_gala_nacho.dat"
        format = z
        #datapoints = 250
        residuals are weighted equally (unit weight)

function used for fitting: lineal(x)
fitted parameters initialized with current variable values



 Iteration 0
 WSSR        : 5.30037e+06       delta(WSSR)/WSSR   : 0
 delta(WSSR) : 0                 limit for stopping : 1e-05
 lambda	  : 102.371

initial set of free parameter values

l0              = 1
l1              = 1

After 5 iterations the fit converged.
final sum of squares of residuals : 0.0237672
rel. change during last iteration : -8.15768e-09

degrees of freedom    (FIT_NDF)                        : 248
rms of residuals      (FIT_STDFIT) = sqrt(WSSR/ndf)    : 0.00978956
variance of residuals (reduced chisquare) = WSSR/ndf   : 9.58354e-05

Final set of parameters            Asymptotic Standard Error
=======================            ==========================

l0              = 0.000319629      +/- 8.579e-06    (2.684%)
l1              = -0.0176298       +/- 0.001242     (7.045%)


correlation matrix of the fit parameters:

               l0     l1     
l0              1.000 
l1             -0.867  1.000 


*******************************************************************************
Tue May 31 16:08:17 2016


FIT:    data read from "./data/Nacho/cena_gala_nacho.dat"
        format = z
        #datapoints = 250
        residuals are weighted equally (unit weight)

function used for fitting: cuadratica(x)
fitted parameters initialized with current variable values



 Iteration 0
 WSSR        : 1.99255e+11       delta(WSSR)/WSSR   : 0
 delta(WSSR) : 0                 limit for stopping : 1e-05
 lambda	  : 16218.3

initial set of free parameter values

c0              = 1
c1              = 1
c2              = 1

After 8 iterations the fit converged.
final sum of squares of residuals : 0.000774929
rel. change during last iteration : -1.63695e-14

degrees of freedom    (FIT_NDF)                        : 247
rms of residuals      (FIT_STDFIT) = sqrt(WSSR/ndf)    : 0.00177126
variance of residuals (reduced chisquare) = WSSR/ndf   : 3.13736e-06

Final set of parameters            Asymptotic Standard Error
=======================            ==========================

c0              = 2.05871e-06      +/- 2.405e-08    (1.168%)
c1              = -0.000197107     +/- 6.233e-06    (3.162%)
c2              = 0.00407311       +/- 0.0003388    (8.317%)


correlation matrix of the fit parameters:

               c0     c1     c2     
c0              1.000 
c1             -0.968  1.000 
c2              0.748 -0.868  1.000 


*******************************************************************************
Tue May 31 16:08:17 2016


FIT:    data read from "./data/Nacho/cena_gala_backtracking_cuentaperdida.dat"
        format = z
        #datapoints = 10
        residuals are weighted equally (unit weight)

function used for fitting: factorial(x)
fitted parameters initialized with current variable values



 Iteration 0
 WSSR        : 1.33015e+13       delta(WSSR)/WSSR   : 0
 delta(WSSR) : 0                 limit for stopping : 1e-05
 lambda	  : 0

initial set of free parameter values

a               = 1
b               = 1
BREAK:          Singular matrix in Givens()



*******************************************************************************
Tue May 31 16:09:19 2016


FIT:    data read from "./data/Nacho/cena_gala_nacho.dat"
        format = z
        #datapoints = 250
        residuals are weighted equally (unit weight)

function used for fitting: lineal(x)
fitted parameters initialized with current variable values



 Iteration 0
 WSSR        : 5.3004e+06        delta(WSSR)/WSSR   : 0
 delta(WSSR) : 0                 limit for stopping : 1e-05
 lambda	  : 102.371

initial set of free parameter values

l0              = 1
l1              = 1

After 5 iterations the fit converged.
final sum of squares of residuals : 0.0234946
rel. change during last iteration : -8.24935e-09

degrees of freedom    (FIT_NDF)                        : 248
rms of residuals      (FIT_STDFIT) = sqrt(WSSR/ndf)    : 0.00973326
variance of residuals (reduced chisquare) = WSSR/ndf   : 9.47363e-05

Final set of parameters            Asymptotic Standard Error
=======================            ==========================

l0              = 0.000316169      +/- 8.53e-06     (2.698%)
l1              = -0.0174476       +/- 0.001235     (7.078%)


correlation matrix of the fit parameters:

               l0     l1     
l0              1.000 
l1             -0.867  1.000 


*******************************************************************************
Tue May 31 16:09:19 2016


FIT:    data read from "./data/Nacho/cena_gala_nacho.dat"
        format = z
        #datapoints = 250
        residuals are weighted equally (unit weight)

function used for fitting: cuadratica(x)
fitted parameters initialized with current variable values



 Iteration 0
 WSSR        : 1.99255e+11       delta(WSSR)/WSSR   : 0
 delta(WSSR) : 0                 limit for stopping : 1e-05
 lambda	  : 16218.3

initial set of free parameter values

c0              = 1
c1              = 1
c2              = 1

After 8 iterations the fit converged.
final sum of squares of residuals : 0.000657676
rel. change during last iteration : -2.11013e-14

degrees of freedom    (FIT_NDF)                        : 247
rms of residuals      (FIT_STDFIT) = sqrt(WSSR/ndf)    : 0.00163176
variance of residuals (reduced chisquare) = WSSR/ndf   : 2.66265e-06

Final set of parameters            Asymptotic Standard Error
=======================            ==========================

c0              = 2.05174e-06      +/- 2.215e-08    (1.08%)
c1              = -0.000198817     +/- 5.742e-06    (2.888%)
c2              = 0.00418181       +/- 0.0003121    (7.463%)


correlation matrix of the fit parameters:

               c0     c1     c2     
c0              1.000 
c1             -0.968  1.000 
c2              0.748 -0.868  1.000 


*******************************************************************************
Tue May 31 16:09:19 2016


FIT:    data read from "./data/Nacho/cena_gala_backtracking_cuentaperdida.dat"
        format = z
        #datapoints = 10
        residuals are weighted equally (unit weight)

function used for fitting: factorial(x)
fitted parameters initialized with current variable values



*******************************************************************************
Tue May 31 16:09:37 2016


FIT:    data read from "./data/Nacho/cena_gala_nacho.dat"
        format = z
        #datapoints = 250
        residuals are weighted equally (unit weight)

function used for fitting: lineal(x)
fitted parameters initialized with current variable values



 Iteration 0
 WSSR        : 5.30016e+06       delta(WSSR)/WSSR   : 0
 delta(WSSR) : 0                 limit for stopping : 1e-05
 lambda	  : 102.371

initial set of free parameter values

l0              = 1
l1              = 1

After 5 iterations the fit converged.
final sum of squares of residuals : 0.0404443
rel. change during last iteration : -4.81921e-09

degrees of freedom    (FIT_NDF)                        : 248
rms of residuals      (FIT_STDFIT) = sqrt(WSSR/ndf)    : 0.0127704
variance of residuals (reduced chisquare) = WSSR/ndf   : 0.000163082

Final set of parameters            Asymptotic Standard Error
=======================            ==========================

l0              = 0.000355204      +/- 1.119e-05    (3.151%)
l1              = -0.0202992       +/- 0.00162      (7.982%)


correlation matrix of the fit parameters:

               l0     l1     
l0              1.000 
l1             -0.867  1.000 


*******************************************************************************
Tue May 31 16:09:37 2016


FIT:    data read from "./data/Nacho/cena_gala_nacho.dat"
        format = z
        #datapoints = 250
        residuals are weighted equally (unit weight)

function used for fitting: cuadratica(x)
fitted parameters initialized with current variable values



 Iteration 0
 WSSR        : 1.99255e+11       delta(WSSR)/WSSR   : 0
 delta(WSSR) : 0                 limit for stopping : 1e-05
 lambda	  : 16218.3

initial set of free parameter values

c0              = 1
c1              = 1
c2              = 1

After 8 iterations the fit converged.
final sum of squares of residuals : 0.00535211
rel. change during last iteration : -2.4309e-15

degrees of freedom    (FIT_NDF)                        : 247
rms of residuals      (FIT_STDFIT) = sqrt(WSSR/ndf)    : 0.00465494
variance of residuals (reduced chisquare) = WSSR/ndf   : 2.16684e-05

Final set of parameters            Asymptotic Standard Error
=======================            ==========================

c0              = 2.54337e-06      +/- 6.32e-08     (2.485%)
c1              = -0.000283181     +/- 1.638e-05    (5.784%)
c2              = 0.00651295       +/- 0.0008903    (13.67%)


correlation matrix of the fit parameters:

               c0     c1     c2     
c0              1.000 
c1             -0.968  1.000 
c2              0.748 -0.868  1.000 


*******************************************************************************
Tue May 31 16:09:37 2016


FIT:    data read from "./data/Nacho/cena_gala_backtracking_cuentaperdida.dat"
        format = z
        #datapoints = 10
        residuals are weighted equally (unit weight)

function used for fitting: factorial(x)
fitted parameters initialized with current variable values



 Iteration 0
 WSSR        : 1.33015e+13       delta(WSSR)/WSSR   : 0
 delta(WSSR) : 0                 limit for stopping : 1e-05
 lambda	  : 815522

initial set of free parameter values

a               = 1
b               = 1

After 10 iterations the fit converged.
final sum of squares of residuals : 0.000896966
rel. change during last iteration : -4.83497e-16

degrees of freedom    (FIT_NDF)                        : 8
rms of residuals      (FIT_STDFIT) = sqrt(WSSR/ndf)    : 0.0105887
variance of residuals (reduced chisquare) = WSSR/ndf   : 0.000112121

Final set of parameters            Asymptotic Standard Error
=======================            ==========================

a               = 1.04684e-07      +/- 3.099e-09    (2.961%)
b               = -0.00316341      +/- 0.003575     (113%)


correlation matrix of the fit parameters:

               a      b      
a               1.000 
b              -0.350  1.000 


*******************************************************************************
Tue May 31 16:13:54 2016


FIT:    data read from "./data/Nacho/cena_gala_nacho.dat"
        format = z
        #datapoints = 250
        residuals are weighted equally (unit weight)

function used for fitting: lineal(x)
fitted parameters initialized with current variable values



 Iteration 0
 WSSR        : 5.30038e+06       delta(WSSR)/WSSR   : 0
 delta(WSSR) : 0                 limit for stopping : 1e-05
 lambda	  : 102.371

initial set of free parameter values

l0              = 1
l1              = 1

After 5 iterations the fit converged.
final sum of squares of residuals : 0.0241112
rel. change during last iteration : -8.04073e-09

degrees of freedom    (FIT_NDF)                        : 248
rms of residuals      (FIT_STDFIT) = sqrt(WSSR/ndf)    : 0.00986016
variance of residuals (reduced chisquare) = WSSR/ndf   : 9.72227e-05

Final set of parameters            Asymptotic Standard Error
=======================            ==========================

l0              = 0.000318535      +/- 8.641e-06    (2.713%)
l1              = -0.0175957       +/- 0.001251     (7.11%)


correlation matrix of the fit parameters:

               l0     l1     
l0              1.000 
l1             -0.867  1.000 


*******************************************************************************
Tue May 31 16:13:54 2016


FIT:    data read from "./data/Nacho/cena_gala_nacho.dat"
        format = z
        #datapoints = 250
        residuals are weighted equally (unit weight)

function used for fitting: cuadratica(x)
fitted parameters initialized with current variable values



 Iteration 0
 WSSR        : 1.99255e+11       delta(WSSR)/WSSR   : 0
 delta(WSSR) : 0                 limit for stopping : 1e-05
 lambda	  : 16218.3

initial set of free parameter values

c0              = 1
c1              = 1
c2              = 1

After 8 iterations the fit converged.
final sum of squares of residuals : 0.000944264
rel. change during last iteration : -1.44673e-14

degrees of freedom    (FIT_NDF)                        : 247
rms of residuals      (FIT_STDFIT) = sqrt(WSSR/ndf)    : 0.00195523
variance of residuals (reduced chisquare) = WSSR/ndf   : 3.82293e-06

Final set of parameters            Asymptotic Standard Error
=======================            ==========================

c0              = 2.06651e-06      +/- 2.655e-08    (1.285%)
c1              = -0.00020016      +/- 6.88e-06     (3.437%)
c2              = 0.00418945       +/- 0.000374     (8.926%)


correlation matrix of the fit parameters:

               c0     c1     c2     
c0              1.000 
c1             -0.968  1.000 
c2              0.748 -0.868  1.000 


*******************************************************************************
Tue May 31 16:13:54 2016


FIT:    data read from "./data/Nacho/cena_gala_backtracking_cuentaperdida.dat"
        format = z
        #datapoints = 10
        residuals are weighted equally (unit weight)

function used for fitting: factorial(x)
fitted parameters initialized with current variable values



 Iteration 0
 WSSR        : 1.33015e+13       delta(WSSR)/WSSR   : 0
 delta(WSSR) : 0                 limit for stopping : 1e-05
 lambda	  : 815522

initial set of free parameter values

a               = 1
b               = 1

After 9 iterations the fit converged.
final sum of squares of residuals : 0.00569133
rel. change during last iteration : -3.35107e-06

degrees of freedom    (FIT_NDF)                        : 8
rms of residuals      (FIT_STDFIT) = sqrt(WSSR/ndf)    : 0.0266724
variance of residuals (reduced chisquare) = WSSR/ndf   : 0.000711416

Final set of parameters            Asymptotic Standard Error
=======================            ==========================

a               = 2.8027e-08       +/- 7.807e-09    (27.86%)
b               = 0.00979321       +/- 0.009004     (91.95%)


correlation matrix of the fit parameters:

               a      b      
a               1.000 
b              -0.350  1.000 


*******************************************************************************
Tue May 31 16:13:54 2016


FIT:    data read from "./data/Nacho/cena_gala_luis.dat"
        format = z
        #datapoints = 10
        residuals are weighted equally (unit weight)

function used for fitting: factorial(x)
fitted parameters initialized with current variable values



 Iteration 0
 WSSR        : 2.06825           delta(WSSR)/WSSR   : 0
 delta(WSSR) : 0                 limit for stopping : 1e-05
 lambda	  : 815522

initial set of free parameter values

a               = 2.8027e-08
b               = 0.00979321

After 3 iterations the fit converged.
final sum of squares of residuals : 0.000669373
rel. change during last iteration : -1.9778e-06

degrees of freedom    (FIT_NDF)                        : 8
rms of residuals      (FIT_STDFIT) = sqrt(WSSR/ndf)    : 0.00914722
variance of residuals (reduced chisquare) = WSSR/ndf   : 8.36716e-05

Final set of parameters            Asymptotic Standard Error
=======================            ==========================

a               = 4.22285e-07      +/- 2.678e-09    (0.6341%)
b               = 0.00979321       +/- 0.003088     (31.53%)


correlation matrix of the fit parameters:

               a      b      
a               1.000 
b              -0.350  1.000 


*******************************************************************************
Tue May 31 16:13:54 2016


FIT:    data read from "./data/Nacho/cena_gala_diego.dat"
        format = z
        #datapoints = 9
        residuals are weighted equally (unit weight)

function used for fitting: factorial(x)
fitted parameters initialized with current variable values



 Iteration 0
 WSSR        : 2.39327           delta(WSSR)/WSSR   : 0
 delta(WSSR) : 0                 limit for stopping : 1e-05
 lambda	  : 859636

initial set of free parameter values

a               = 4.22285e-07
b               = 0.00979321

After 3 iterations the fit converged.
final sum of squares of residuals : 0.000642903
rel. change during last iteration : -3.38573e-06

degrees of freedom    (FIT_NDF)                        : 7
rms of residuals      (FIT_STDFIT) = sqrt(WSSR/ndf)    : 0.00958349
variance of residuals (reduced chisquare) = WSSR/ndf   : 9.18433e-05

Final set of parameters            Asymptotic Standard Error
=======================            ==========================

a               = -1.83328e-09     +/- 2.827e-09    (154.2%)
b               = 0.00979321       +/- 0.003437     (35.1%)


correlation matrix of the fit parameters:

               a      b      
a               1.000 
b              -0.369  1.000 


*******************************************************************************
Tue May 31 16:14:31 2016


FIT:    data read from "./data/Nacho/cena_gala_nacho.dat"
        format = z
        #datapoints = 250
        residuals are weighted equally (unit weight)

function used for fitting: lineal(x)
fitted parameters initialized with current variable values



 Iteration 0
 WSSR        : 5.30035e+06       delta(WSSR)/WSSR   : 0
 delta(WSSR) : 0                 limit for stopping : 1e-05
 lambda	  : 102.371

initial set of free parameter values

l0              = 1
l1              = 1

After 5 iterations the fit converged.
final sum of squares of residuals : 0.0251668
rel. change during last iteration : -7.70858e-09

degrees of freedom    (FIT_NDF)                        : 248
rms of residuals      (FIT_STDFIT) = sqrt(WSSR/ndf)    : 0.0100737
variance of residuals (reduced chisquare) = WSSR/ndf   : 0.000101479

Final set of parameters            Asymptotic Standard Error
=======================            ==========================

l0              = 0.000323047      +/- 8.828e-06    (2.733%)
l1              = -0.0179315       +/- 0.001278     (7.127%)


correlation matrix of the fit parameters:

               l0     l1     
l0              1.000 
l1             -0.867  1.000 


*******************************************************************************
Tue May 31 16:14:31 2016


FIT:    data read from "./data/Nacho/cena_gala_nacho.dat"
        format = z
        #datapoints = 250
        residuals are weighted equally (unit weight)

function used for fitting: cuadratica(x)
fitted parameters initialized with current variable values



 Iteration 0
 WSSR        : 1.99255e+11       delta(WSSR)/WSSR   : 0
 delta(WSSR) : 0                 limit for stopping : 1e-05
 lambda	  : 16218.3

initial set of free parameter values

c0              = 1
c1              = 1
c2              = 1

After 8 iterations the fit converged.
final sum of squares of residuals : 0.000890167
rel. change during last iteration : -1.60773e-14

degrees of freedom    (FIT_NDF)                        : 247
rms of residuals      (FIT_STDFIT) = sqrt(WSSR/ndf)    : 0.0018984
variance of residuals (reduced chisquare) = WSSR/ndf   : 3.60392e-06

Final set of parameters            Asymptotic Standard Error
=======================            ==========================

c0              = 2.11543e-06      +/- 2.577e-08    (1.218%)
c1              = -0.000207925     +/- 6.68e-06     (3.213%)
c2              = 0.00436938       +/- 0.0003631    (8.31%)


correlation matrix of the fit parameters:

               c0     c1     c2     
c0              1.000 
c1             -0.968  1.000 
c2              0.748 -0.868  1.000 


*******************************************************************************
Tue May 31 16:14:31 2016


FIT:    data read from "./data/Nacho/cena_gala_backtracking_cuentaperdida.dat"
        format = z
        #datapoints = 10
        residuals are weighted equally (unit weight)

function used for fitting: factorial(x)
fitted parameters initialized with current variable values



 Iteration 0
 WSSR        : 1.33015e+13       delta(WSSR)/WSSR   : 0
 delta(WSSR) : 0                 limit for stopping : 1e-05
 lambda	  : 815522

initial set of free parameter values

a               = 1
b               = 1

After 10 iterations the fit converged.
final sum of squares of residuals : 7.64936e-07
rel. change during last iteration : -1.4607e-12

degrees of freedom    (FIT_NDF)                        : 8
rms of residuals      (FIT_STDFIT) = sqrt(WSSR/ndf)    : 0.00030922
variance of residuals (reduced chisquare) = WSSR/ndf   : 9.5617e-08

Final set of parameters            Asymptotic Standard Error
=======================            ==========================

a               = 1.93042e-08      +/- 9.051e-11    (0.4689%)
b               = 0.000136525      +/- 0.0001044    (76.46%)


correlation matrix of the fit parameters:

               a      b      
a               1.000 
b              -0.350  1.000 


*******************************************************************************
Tue May 31 16:14:31 2016


FIT:    data read from "./data/Nacho/cena_gala_luis.dat"
        format = z
        #datapoints = 10
        residuals are weighted equally (unit weight)

function used for fitting: factorial(x)
fitted parameters initialized with current variable values



 Iteration 0
 WSSR        : 2.25367           delta(WSSR)/WSSR   : 0
 delta(WSSR) : 0                 limit for stopping : 1e-05
 lambda	  : 815522

initial set of free parameter values

a               = 1.93042e-08
b               = 0.000136525

After 4 iterations the fit converged.
final sum of squares of residuals : 8.33981e-07
rel. change during last iteration : -3.31403e-07

degrees of freedom    (FIT_NDF)                        : 8
rms of residuals      (FIT_STDFIT) = sqrt(WSSR/ndf)    : 0.000322874
variance of residuals (reduced chisquare) = WSSR/ndf   : 1.04248e-07

Final set of parameters            Asymptotic Standard Error
=======================            ==========================

a               = 4.30922e-07      +/- 9.451e-11    (0.02193%)
b               = 0.000136526      +/- 0.000109     (79.84%)


correlation matrix of the fit parameters:

               a      b      
a               1.000 
b              -0.350  1.000 


*******************************************************************************
Tue May 31 16:14:31 2016


FIT:    data read from "./data/Nacho/cena_gala_diego.dat"
        format = z
        #datapoints = 9
        residuals are weighted equally (unit weight)

function used for fitting: factorial(x)
fitted parameters initialized with current variable values



 Iteration 0
 WSSR        : 2.46077           delta(WSSR)/WSSR   : 0
 delta(WSSR) : 0                 limit for stopping : 1e-05
 lambda	  : 859636

initial set of free parameter values

a               = 4.30922e-07
b               = 0.000136526

After 4 iterations the fit converged.
final sum of squares of residuals : 1.31278e-05
rel. change during last iteration : -5.41113e-06

degrees of freedom    (FIT_NDF)                        : 7
rms of residuals      (FIT_STDFIT) = sqrt(WSSR/ndf)    : 0.00136945
variance of residuals (reduced chisquare) = WSSR/ndf   : 1.8754e-06

Final set of parameters            Asymptotic Standard Error
=======================            ==========================

a               = 8.08285e-10      +/- 4.04e-10     (49.98%)
b               = 0.000136533      +/- 0.0004912    (359.7%)


correlation matrix of the fit parameters:

               a      b      
a               1.000 
b              -0.369  1.000 


*******************************************************************************
Tue May 31 16:20:04 2016


FIT:    data read from "./data/Nacho/cena_gala_nacho.dat"
        format = z
        #datapoints = 250
        residuals are weighted equally (unit weight)

function used for fitting: lineal(x)
fitted parameters initialized with current variable values



 Iteration 0
 WSSR        : 5.30038e+06       delta(WSSR)/WSSR   : 0
 delta(WSSR) : 0                 limit for stopping : 1e-05
 lambda	  : 102.371

initial set of free parameter values

l0              = 1
l1              = 1

After 5 iterations the fit converged.
final sum of squares of residuals : 0.0236836
rel. change during last iteration : -8.1845e-09

degrees of freedom    (FIT_NDF)                        : 248
rms of residuals      (FIT_STDFIT) = sqrt(WSSR/ndf)    : 0.00977233
variance of residuals (reduced chisquare) = WSSR/ndf   : 9.54984e-05

Final set of parameters            Asymptotic Standard Error
=======================            ==========================

l0              = 0.000317594      +/- 8.564e-06    (2.697%)
l1              = -0.0175084       +/- 0.00124      (7.081%)


correlation matrix of the fit parameters:

               l0     l1     
l0              1.000 
l1             -0.867  1.000 


*******************************************************************************
Tue May 31 16:20:04 2016


FIT:    data read from "./data/Nacho/cena_gala_nacho.dat"
        format = z
        #datapoints = 250
        residuals are weighted equally (unit weight)

function used for fitting: cuadratica(x)
fitted parameters initialized with current variable values



 Iteration 0
 WSSR        : 1.99255e+11       delta(WSSR)/WSSR   : 0
 delta(WSSR) : 0                 limit for stopping : 1e-05
 lambda	  : 16218.3

initial set of free parameter values

c0              = 1
c1              = 1
c2              = 1

After 8 iterations the fit converged.
final sum of squares of residuals : 0.000708411
rel. change during last iteration : -1.959e-14

degrees of freedom    (FIT_NDF)                        : 247
rms of residuals      (FIT_STDFIT) = sqrt(WSSR/ndf)    : 0.00169353
variance of residuals (reduced chisquare) = WSSR/ndf   : 2.86806e-06

Final set of parameters            Asymptotic Standard Error
=======================            ==========================

c0              = 2.05794e-06      +/- 2.299e-08    (1.117%)
c1              = -0.00019895      +/- 5.959e-06    (2.995%)
c2              = 0.00418646       +/- 0.0003239    (7.737%)


correlation matrix of the fit parameters:

               c0     c1     c2     
c0              1.000 
c1             -0.968  1.000 
c2              0.748 -0.868  1.000 


*******************************************************************************
Tue May 31 16:20:05 2016


FIT:    data read from "./data/Nacho/cena_gala_backtracking_cuentaperdida.dat"
        format = z
        #datapoints = 10
        residuals are weighted equally (unit weight)

function used for fitting: factorial(x)
fitted parameters initialized with current variable values



 Iteration 0
 WSSR        : 1.33015e+13       delta(WSSR)/WSSR   : 0
 delta(WSSR) : 0                 limit for stopping : 1e-05
 lambda	  : 815522

initial set of free parameter values

a               = 1
b               = 1

After 10 iterations the fit converged.
final sum of squares of residuals : 0.000960165
rel. change during last iteration : -1.91961e-15

degrees of freedom    (FIT_NDF)                        : 8
rms of residuals      (FIT_STDFIT) = sqrt(WSSR/ndf)    : 0.0109554
variance of residuals (reduced chisquare) = WSSR/ndf   : 0.000120021

Final set of parameters            Asymptotic Standard Error
=======================            ==========================

a               = 2.03843e-07      +/- 3.207e-09    (1.573%)
b               = 0.00413536       +/- 0.003698     (89.44%)


correlation matrix of the fit parameters:

               a      b      
a               1.000 
b              -0.350  1.000 


*******************************************************************************
Tue May 31 16:20:05 2016


FIT:    data read from "./data/Nacho/cena_gala_luis.dat"
        format = z
        #datapoints = 10
        residuals are weighted equally (unit weight)

function used for fitting: factorial(x)
fitted parameters initialized with current variable values



 Iteration 0
 WSSR        : 0.614819          delta(WSSR)/WSSR   : 0
 delta(WSSR) : 0                 limit for stopping : 1e-05
 lambda	  : 815522

initial set of free parameter values

a               = 2.03843e-07
b               = 0.00413536

After 3 iterations the fit converged.
final sum of squares of residuals : 0.000134731
rel. change during last iteration : -2.75039e-06

degrees of freedom    (FIT_NDF)                        : 8
rms of residuals      (FIT_STDFIT) = sqrt(WSSR/ndf)    : 0.00410382
variance of residuals (reduced chisquare) = WSSR/ndf   : 1.68413e-05

Final set of parameters            Asymptotic Standard Error
=======================            ==========================

a               = 4.18812e-07      +/- 1.201e-09    (0.2868%)
b               = 0.00413536       +/- 0.001385     (33.5%)


correlation matrix of the fit parameters:

               a      b      
a               1.000 
b              -0.350  1.000 


*******************************************************************************
Tue May 31 16:20:05 2016


FIT:    data read from "./data/Nacho/cena_gala_diego.dat"
        format = z
        #datapoints = 9
        residuals are weighted equally (unit weight)

function used for fitting: factorial(x)
fitted parameters initialized with current variable values



 Iteration 0
 WSSR        : 2.33771           delta(WSSR)/WSSR   : 0
 delta(WSSR) : 0                 limit for stopping : 1e-05
 lambda	  : 859636

initial set of free parameter values

a               = 4.18812e-07
b               = 0.00413536

After 9 iterations the fit converged.
final sum of squares of residuals : 1.0591e-05
rel. change during last iteration : -4.52452e-08

degrees of freedom    (FIT_NDF)                        : 7
rms of residuals      (FIT_STDFIT) = sqrt(WSSR/ndf)    : 0.00123004
variance of residuals (reduced chisquare) = WSSR/ndf   : 1.51301e-06

Final set of parameters            Asymptotic Standard Error
=======================            ==========================

a               = 6.09716e-10      +/- 3.629e-10    (59.52%)
b               = 0.000803129      +/- 0.0004412    (54.93%)


correlation matrix of the fit parameters:

               a      b      
a               1.000 
b              -0.369  1.000 


*******************************************************************************
Tue May 31 16:21:03 2016


FIT:    data read from "./data/Nacho/cena_gala_nacho.dat"
        format = z
        #datapoints = 250
        residuals are weighted equally (unit weight)

function used for fitting: lineal(x)
fitted parameters initialized with current variable values



 Iteration 0
 WSSR        : 5.30037e+06       delta(WSSR)/WSSR   : 0
 delta(WSSR) : 0                 limit for stopping : 1e-05
 lambda	  : 102.371

initial set of free parameter values

l0              = 1
l1              = 1

After 5 iterations the fit converged.
final sum of squares of residuals : 0.0241889
rel. change during last iteration : -8.01655e-09

degrees of freedom    (FIT_NDF)                        : 248
rms of residuals      (FIT_STDFIT) = sqrt(WSSR/ndf)    : 0.00987603
variance of residuals (reduced chisquare) = WSSR/ndf   : 9.75359e-05

Final set of parameters            Asymptotic Standard Error
=======================            ==========================

l0              = 0.000320125      +/- 8.655e-06    (2.704%)
l1              = -0.0176989       +/- 0.001253     (7.079%)


correlation matrix of the fit parameters:

               l0     l1     
l0              1.000 
l1             -0.867  1.000 


*******************************************************************************
Tue May 31 16:21:03 2016


FIT:    data read from "./data/Nacho/cena_gala_nacho.dat"
        format = z
        #datapoints = 250
        residuals are weighted equally (unit weight)

function used for fitting: cuadratica(x)
fitted parameters initialized with current variable values



 Iteration 0
 WSSR        : 1.99255e+11       delta(WSSR)/WSSR   : 0
 delta(WSSR) : 0                 limit for stopping : 1e-05
 lambda	  : 16218.3

initial set of free parameter values

c0              = 1
c1              = 1
c2              = 1

After 8 iterations the fit converged.
final sum of squares of residuals : 0.000940871
rel. change during last iteration : -1.53261e-14

degrees of freedom    (FIT_NDF)                        : 247
rms of residuals      (FIT_STDFIT) = sqrt(WSSR/ndf)    : 0.00195172
variance of residuals (reduced chisquare) = WSSR/ndf   : 3.80919e-06

Final set of parameters            Asymptotic Standard Error
=======================            ==========================

c0              = 2.07013e-06      +/- 2.65e-08     (1.28%)
c1              = -0.000199477     +/- 6.868e-06    (3.443%)
c2              = 0.00412433       +/- 0.0003733    (9.051%)


correlation matrix of the fit parameters:

               c0     c1     c2     
c0              1.000 
c1             -0.968  1.000 
c2              0.748 -0.868  1.000 


*******************************************************************************
Tue May 31 16:21:03 2016


FIT:    data read from "./data/Nacho/cena_gala_backtracking_cuentaperdida.dat"
        format = z
        #datapoints = 10
        residuals are weighted equally (unit weight)

function used for fitting: factorial(x)
fitted parameters initialized with current variable values



 Iteration 0
 WSSR        : 1.33015e+13       delta(WSSR)/WSSR   : 0
 delta(WSSR) : 0                 limit for stopping : 1e-05
 lambda	  : 815522

initial set of free parameter values

a               = 1
b               = 1

After 10 iterations the fit converged.
final sum of squares of residuals : 1.52869e-05
rel. change during last iteration : -7.86808e-14

degrees of freedom    (FIT_NDF)                        : 8
rms of residuals      (FIT_STDFIT) = sqrt(WSSR/ndf)    : 0.00138234
variance of residuals (reduced chisquare) = WSSR/ndf   : 1.91086e-06

Final set of parameters            Asymptotic Standard Error
=======================            ==========================

a               = 2.19729e-07      +/- 4.046e-10    (0.1842%)
b               = -0.000541304     +/- 0.0004667    (86.21%)


correlation matrix of the fit parameters:

               a      b      
a               1.000 
b              -0.350  1.000 


*******************************************************************************
Tue May 31 16:21:03 2016


FIT:    data read from "./data/Nacho/cena_gala_luis.dat"
        format = z
        #datapoints = 10
        residuals are weighted equally (unit weight)

function used for fitting: factorial(x)
fitted parameters initialized with current variable values



 Iteration 0
 WSSR        : 0.534463          delta(WSSR)/WSSR   : 0
 delta(WSSR) : 0                 limit for stopping : 1e-05
 lambda	  : 815522

initial set of free parameter values

a               = 2.19729e-07
b               = -0.000541304

After 3 iterations the fit converged.
final sum of squares of residuals : 0.000184613
rel. change during last iteration : -1.69783e-06

degrees of freedom    (FIT_NDF)                        : 8
rms of residuals      (FIT_STDFIT) = sqrt(WSSR/ndf)    : 0.00480381
variance of residuals (reduced chisquare) = WSSR/ndf   : 2.30766e-05

Final set of parameters            Asymptotic Standard Error
=======================            ==========================

a               = 4.20145e-07      +/- 1.406e-09    (0.3347%)
b               = -0.000541304     +/- 0.001622     (299.6%)


correlation matrix of the fit parameters:

               a      b      
a               1.000 
b              -0.350  1.000 


*******************************************************************************
Tue May 31 16:21:03 2016


FIT:    data read from "./data/Nacho/cena_gala_diego.dat"
        format = z
        #datapoints = 9
        residuals are weighted equally (unit weight)

function used for fitting: factorial(x)
fitted parameters initialized with current variable values



 Iteration 0
 WSSR        : 2.33684           delta(WSSR)/WSSR   : 0
 delta(WSSR) : 0                 limit for stopping : 1e-05
 lambda	  : 859636

initial set of free parameter values

a               = 4.20145e-07
b               = -0.000541304

After 9 iterations the fit converged.
final sum of squares of residuals : 9.00091e-06
rel. change during last iteration : -8.22693e-09

degrees of freedom    (FIT_NDF)                        : 7
rms of residuals      (FIT_STDFIT) = sqrt(WSSR/ndf)    : 0.00113395
variance of residuals (reduced chisquare) = WSSR/ndf   : 1.28584e-06

Final set of parameters            Asymptotic Standard Error
=======================            ==========================

a               = 6.04773e-10      +/- 3.345e-10    (55.32%)
b               = 0.000768606      +/- 0.0004067    (52.91%)


correlation matrix of the fit parameters:

               a      b      
a               1.000 
b              -0.369  1.000 


*******************************************************************************
Tue May 31 16:23:20 2016


FIT:    data read from "./data/Nacho/cena_gala_nacho.dat"
        format = z
        #datapoints = 250
        residuals are weighted equally (unit weight)

function used for fitting: lineal(x)
fitted parameters initialized with current variable values



 Iteration 0
 WSSR        : 5.30038e+06       delta(WSSR)/WSSR   : 0
 delta(WSSR) : 0                 limit for stopping : 1e-05
 lambda	  : 102.371

initial set of free parameter values

l0              = 1
l1              = 1

After 5 iterations the fit converged.
final sum of squares of residuals : 0.0236424
rel. change during last iteration : -8.19913e-09

degrees of freedom    (FIT_NDF)                        : 248
rms of residuals      (FIT_STDFIT) = sqrt(WSSR/ndf)    : 0.00976383
variance of residuals (reduced chisquare) = WSSR/ndf   : 9.53324e-05

Final set of parameters            Asymptotic Standard Error
=======================            ==========================

l0              = 0.000317796      +/- 8.557e-06    (2.693%)
l1              = -0.0175316       +/- 0.001239     (7.066%)


correlation matrix of the fit parameters:

               l0     l1     
l0              1.000 
l1             -0.867  1.000 


*******************************************************************************
Tue May 31 16:23:20 2016


FIT:    data read from "./data/Nacho/cena_gala_nacho.dat"
        format = z
        #datapoints = 250
        residuals are weighted equally (unit weight)

function used for fitting: cuadratica(x)
fitted parameters initialized with current variable values



 Iteration 0
 WSSR        : 1.99255e+11       delta(WSSR)/WSSR   : 0
 delta(WSSR) : 0                 limit for stopping : 1e-05
 lambda	  : 16218.3

initial set of free parameter values

c0              = 1
c1              = 1
c2              = 1

After 8 iterations the fit converged.
final sum of squares of residuals : 0.000661615
rel. change during last iteration : -2.14672e-14

degrees of freedom    (FIT_NDF)                        : 247
rms of residuals      (FIT_STDFIT) = sqrt(WSSR/ndf)    : 0.00163664
variance of residuals (reduced chisquare) = WSSR/ndf   : 2.6786e-06

Final set of parameters            Asymptotic Standard Error
=======================            ==========================

c0              = 2.05819e-06      +/- 2.222e-08    (1.08%)
c1              = -0.000198811     +/- 5.759e-06    (2.897%)
c2              = 0.00416589       +/- 0.000313     (7.514%)


correlation matrix of the fit parameters:

               c0     c1     c2     
c0              1.000 
c1             -0.968  1.000 
c2              0.748 -0.868  1.000 


*******************************************************************************
Tue May 31 16:23:20 2016


FIT:    data read from "./data/Nacho/cena_gala_backtracking_cuentaperdida.dat"
        format = z
        #datapoints = 11
        residuals are weighted equally (unit weight)

function used for fitting: factorial(x)
fitted parameters initialized with current variable values



 Iteration 0
 WSSR        : 1.60665e+15       delta(WSSR)/WSSR   : 0
 delta(WSSR) : 0                 limit for stopping : 1e-05
 lambda	  : 8.54574e+06

initial set of free parameter values

a               = 1
b               = 1

After 4 iterations the fit converged.
final sum of squares of residuals : 9.38122
rel. change during last iteration : -1.64826e-06

degrees of freedom    (FIT_NDF)                        : 9
rms of residuals      (FIT_STDFIT) = sqrt(WSSR/ndf)    : 1.02096
variance of residuals (reduced chisquare) = WSSR/ndf   : 1.04236

Final set of parameters            Asymptotic Standard Error
=======================            ==========================

a               = 2.09973e-07      +/- 2.699e-08    (12.85%)
b               = 1                +/- 0.3262       (32.62%)


correlation matrix of the fit parameters:

               a      b      
a               1.000 
b              -0.331  1.000 


*******************************************************************************
Tue May 31 16:23:20 2016


FIT:    data read from "./data/Nacho/cena_gala_luis.dat"
        format = z
        #datapoints = 10
        residuals are weighted equally (unit weight)

function used for fitting: factorial(x)
fitted parameters initialized with current variable values



 Iteration 0
 WSSR        : 8.86962           delta(WSSR)/WSSR   : 0
 delta(WSSR) : 0                 limit for stopping : 1e-05
 lambda	  : 815522

initial set of free parameter values

a               = 2.09973e-07
b               = 1

After 3 iterations the fit converged.
final sum of squares of residuals : 8.76276
rel. change during last iteration : -2.63863e-07

degrees of freedom    (FIT_NDF)                        : 8
rms of residuals      (FIT_STDFIT) = sqrt(WSSR/ndf)    : 1.04659
variance of residuals (reduced chisquare) = WSSR/ndf   : 1.09535

Final set of parameters            Asymptotic Standard Error
=======================            ==========================

a               = 1.20347e-07      +/- 3.064e-07    (254.6%)
b               = 1                +/- 0.3533       (35.33%)


correlation matrix of the fit parameters:

               a      b      
a               1.000 
b              -0.350  1.000 


*******************************************************************************
Tue May 31 16:23:20 2016


FIT:    data read from "./data/Nacho/cena_gala_diego.dat"
        format = z
        #datapoints = 10
        residuals are weighted equally (unit weight)

function used for fitting: factorial(x)
fitted parameters initialized with current variable values



 Iteration 0
 WSSR        : 43.7166           delta(WSSR)/WSSR   : 0
 delta(WSSR) : 0                 limit for stopping : 1e-05
 lambda	  : 8.96285e+06

initial set of free parameter values

a               = 1.20347e-07
b               = 1

After 3 iterations the fit converged.
final sum of squares of residuals : 8.78098
rel. change during last iteration : -4.44342e-09

degrees of freedom    (FIT_NDF)                        : 8
rms of residuals      (FIT_STDFIT) = sqrt(WSSR/ndf)    : 1.04767
variance of residuals (reduced chisquare) = WSSR/ndf   : 1.09762

Final set of parameters            Asymptotic Standard Error
=======================            ==========================

a               = -2.7113e-08      +/- 2.787e-08    (102.8%)
b               = 1                +/- 0.3532       (35.32%)


correlation matrix of the fit parameters:

               a      b      
a               1.000 
b              -0.347  1.000 


*******************************************************************************
Tue May 31 16:24:09 2016


FIT:    data read from "./data/Nacho/cena_gala_nacho.dat"
        format = z
        #datapoints = 250
        residuals are weighted equally (unit weight)

function used for fitting: lineal(x)
fitted parameters initialized with current variable values



 Iteration 0
 WSSR        : 5.30038e+06       delta(WSSR)/WSSR   : 0
 delta(WSSR) : 0                 limit for stopping : 1e-05
 lambda	  : 102.371

initial set of free parameter values

l0              = 1
l1              = 1

After 5 iterations the fit converged.
final sum of squares of residuals : 0.0239698
rel. change during last iteration : -8.08809e-09

degrees of freedom    (FIT_NDF)                        : 248
rms of residuals      (FIT_STDFIT) = sqrt(WSSR/ndf)    : 0.0098312
variance of residuals (reduced chisquare) = WSSR/ndf   : 9.66525e-05

Final set of parameters            Asymptotic Standard Error
=======================            ==========================

l0              = 0.000318655      +/- 8.616e-06    (2.704%)
l1              = -0.0175912       +/- 0.001247     (7.09%)


correlation matrix of the fit parameters:

               l0     l1     
l0              1.000 
l1             -0.867  1.000 


*******************************************************************************
Tue May 31 16:24:09 2016


FIT:    data read from "./data/Nacho/cena_gala_nacho.dat"
        format = z
        #datapoints = 250
        residuals are weighted equally (unit weight)

function used for fitting: cuadratica(x)
fitted parameters initialized with current variable values



 Iteration 0
 WSSR        : 1.99255e+11       delta(WSSR)/WSSR   : 0
 delta(WSSR) : 0                 limit for stopping : 1e-05
 lambda	  : 16218.3

initial set of free parameter values

c0              = 1
c1              = 1
c2              = 1

After 8 iterations the fit converged.
final sum of squares of residuals : 0.000737501
rel. change during last iteration : -1.98464e-14

degrees of freedom    (FIT_NDF)                        : 247
rms of residuals      (FIT_STDFIT) = sqrt(WSSR/ndf)    : 0.00172796
variance of residuals (reduced chisquare) = WSSR/ndf   : 2.98584e-06

Final set of parameters            Asymptotic Standard Error
=======================            ==========================

c0              = 2.06943e-06      +/- 2.346e-08    (1.134%)
c1              = -0.000200771     +/- 6.08e-06     (3.028%)
c2              = 0.00422467       +/- 0.0003305    (7.823%)


correlation matrix of the fit parameters:

               c0     c1     c2     
c0              1.000 
c1             -0.968  1.000 
c2              0.748 -0.868  1.000 


*******************************************************************************
Tue May 31 16:24:09 2016


FIT:    data read from "./data/Nacho/cena_gala_backtracking_cuentaperdida.dat"
        format = z
        #datapoints = 11
        residuals are weighted equally (unit weight)

function used for fitting: factorial(x)
fitted parameters initialized with current variable values



 Iteration 0
 WSSR        : 1.60665e+15       delta(WSSR)/WSSR   : 0
 delta(WSSR) : 0                 limit for stopping : 1e-05
 lambda	  : 8.54574e+06

initial set of free parameter values

a               = 1
b               = 1

After 4 iterations the fit converged.
final sum of squares of residuals : 13.4184
rel. change during last iteration : -1.21013e-06

degrees of freedom    (FIT_NDF)                        : 9
rms of residuals      (FIT_STDFIT) = sqrt(WSSR/ndf)    : 1.22104
variance of residuals (reduced chisquare) = WSSR/ndf   : 1.49094

Final set of parameters            Asymptotic Standard Error
=======================            ==========================

a               = 3.00701e-07      +/- 3.228e-08    (10.73%)
b               = 1                +/- 0.3901       (39.01%)


correlation matrix of the fit parameters:

               a      b      
a               1.000 
b              -0.331  1.000 


*******************************************************************************
Tue May 31 16:24:09 2016


FIT:    data read from "./data/Nacho/cena_gala_luis.dat"
        format = z
        #datapoints = 11
        residuals are weighted equally (unit weight)

function used for fitting: factorial(x)
fitted parameters initialized with current variable values



 Iteration 0
 WSSR        : 18.9522           delta(WSSR)/WSSR   : 0
 delta(WSSR) : 0                 limit for stopping : 1e-05
 lambda	  : 8.54574e+06

initial set of free parameter values

a               = 3.00701e-07
b               = 1

After 3 iterations the fit converged.
final sum of squares of residuals : 9.65751
rel. change during last iteration : -3.05773e-09

degrees of freedom    (FIT_NDF)                        : 9
rms of residuals      (FIT_STDFIT) = sqrt(WSSR/ndf)    : 1.03588
variance of residuals (reduced chisquare) = WSSR/ndf   : 1.07306

Final set of parameters            Asymptotic Standard Error
=======================            ==========================

a               = 3.76761e-07      +/- 2.738e-08    (7.268%)
b               = 1                +/- 0.3309       (33.09%)


correlation matrix of the fit parameters:

               a      b      
a               1.000 
b              -0.331  1.000 


*******************************************************************************
Tue May 31 16:24:09 2016


FIT:    data read from "./data/Nacho/cena_gala_diego.dat"
        format = z
        #datapoints = 10
        residuals are weighted equally (unit weight)

function used for fitting: factorial(x)
fitted parameters initialized with current variable values



 Iteration 0
 WSSR        : 270.847           delta(WSSR)/WSSR   : 0
 delta(WSSR) : 0                 limit for stopping : 1e-05
 lambda	  : 8.96285e+06

initial set of free parameter values

a               = 3.76761e-07
b               = 1

After 3 iterations the fit converged.
final sum of squares of residuals : 8.78081
rel. change during last iteration : -1.90925e-08

degrees of freedom    (FIT_NDF)                        : 8
rms of residuals      (FIT_STDFIT) = sqrt(WSSR/ndf)    : 1.04766
variance of residuals (reduced chisquare) = WSSR/ndf   : 1.0976

Final set of parameters            Asymptotic Standard Error
=======================            ==========================

a               = -2.7111e-08      +/- 2.787e-08    (102.8%)
b               = 1                +/- 0.3532       (35.32%)


correlation matrix of the fit parameters:

               a      b      
a               1.000 
b              -0.347  1.000 


*******************************************************************************
Tue May 31 16:24:55 2016


FIT:    data read from "./data/Nacho/cena_gala_nacho.dat"
        format = z
        #datapoints = 250
        residuals are weighted equally (unit weight)

function used for fitting: lineal(x)
fitted parameters initialized with current variable values



 Iteration 0
 WSSR        : 5.30026e+06       delta(WSSR)/WSSR   : 0
 delta(WSSR) : 0                 limit for stopping : 1e-05
 lambda	  : 102.371

initial set of free parameter values

l0              = 1
l1              = 1

After 5 iterations the fit converged.
final sum of squares of residuals : 0.0327716
rel. change during last iteration : -5.93438e-09

degrees of freedom    (FIT_NDF)                        : 248
rms of residuals      (FIT_STDFIT) = sqrt(WSSR/ndf)    : 0.0114954
variance of residuals (reduced chisquare) = WSSR/ndf   : 0.000132143

Final set of parameters            Asymptotic Standard Error
=======================            ==========================

l0              = 0.00033898       +/- 1.007e-05    (2.972%)
l1              = -0.0191782       +/- 0.001458     (7.605%)


correlation matrix of the fit parameters:

               l0     l1     
l0              1.000 
l1             -0.867  1.000 


*******************************************************************************
Tue May 31 16:24:55 2016


FIT:    data read from "./data/Nacho/cena_gala_nacho.dat"
        format = z
        #datapoints = 250
        residuals are weighted equally (unit weight)

function used for fitting: cuadratica(x)
fitted parameters initialized with current variable values



 Iteration 0
 WSSR        : 1.99255e+11       delta(WSSR)/WSSR   : 0
 delta(WSSR) : 0                 limit for stopping : 1e-05
 lambda	  : 16218.3

initial set of free parameter values

c0              = 1
c1              = 1
c2              = 1

After 8 iterations the fit converged.
final sum of squares of residuals : 0.00249831
rel. change during last iteration : -6.77e-15

degrees of freedom    (FIT_NDF)                        : 247
rms of residuals      (FIT_STDFIT) = sqrt(WSSR/ndf)    : 0.00318035
variance of residuals (reduced chisquare) = WSSR/ndf   : 1.01146e-05

Final set of parameters            Asymptotic Standard Error
=======================            ==========================

c0              = 2.36229e-06      +/- 4.318e-08    (1.828%)
c1              = -0.000253955     +/- 1.119e-05    (4.407%)
c2              = 0.00572505       +/- 0.0006083    (10.63%)


correlation matrix of the fit parameters:

               c0     c1     c2     
c0              1.000 
c1             -0.968  1.000 
c2              0.748 -0.868  1.000 


*******************************************************************************
Tue May 31 16:24:55 2016


FIT:    data read from "./data/Nacho/cena_gala_backtracking_cuentaperdida.dat"
        format = z
        #datapoints = 11
        residuals are weighted equally (unit weight)

function used for fitting: factorial(x)
fitted parameters initialized with current variable values



 Iteration 0
 WSSR        : 1.60665e+15       delta(WSSR)/WSSR   : 0
 delta(WSSR) : 0                 limit for stopping : 1e-05
 lambda	  : 8.54574e+06

initial set of free parameter values

a               = 1
b               = 1

After 4 iterations the fit converged.
final sum of squares of residuals : 9.56625
rel. change during last iteration : -1.62213e-06

degrees of freedom    (FIT_NDF)                        : 9
rms of residuals      (FIT_STDFIT) = sqrt(WSSR/ndf)    : 1.03098
variance of residuals (reduced chisquare) = WSSR/ndf   : 1.06292

Final set of parameters            Asymptotic Standard Error
=======================            ==========================

a               = -2.13473e-08     +/- 2.725e-08    (127.7%)
b               = 1                +/- 0.3294       (32.94%)


correlation matrix of the fit parameters:

               a      b      
a               1.000 
b              -0.331  1.000 


*******************************************************************************
Tue May 31 16:24:55 2016


FIT:    data read from "./data/Nacho/cena_gala_luis.dat"
        format = z
        #datapoints = 11
        residuals are weighted equally (unit weight)

function used for fitting: factorial(x)
fitted parameters initialized with current variable values



 Iteration 0
 WSSR        : 305.292           delta(WSSR)/WSSR   : 0
 delta(WSSR) : 0                 limit for stopping : 1e-05
 lambda	  : 8.54574e+06

initial set of free parameter values

a               = -2.13473e-08
b               = 1

After 3 iterations the fit converged.
final sum of squares of residuals : 9.66506
rel. change during last iteration : -1.46178e-08

degrees of freedom    (FIT_NDF)                        : 9
rms of residuals      (FIT_STDFIT) = sqrt(WSSR/ndf)    : 1.03629
variance of residuals (reduced chisquare) = WSSR/ndf   : 1.0739

Final set of parameters            Asymptotic Standard Error
=======================            ==========================

a               = 4.07607e-07      +/- 2.739e-08    (6.721%)
b               = 1                +/- 0.3311       (33.11%)


correlation matrix of the fit parameters:

               a      b      
a               1.000 
b              -0.331  1.000 


*******************************************************************************
Tue May 31 16:24:55 2016


FIT:    data read from "./data/Nacho/cena_gala_diego.dat"
        format = z
        #datapoints = 10
        residuals are weighted equally (unit weight)

function used for fitting: factorial(x)
fitted parameters initialized with current variable values



 Iteration 0
 WSSR        : 312.395           delta(WSSR)/WSSR   : 0
 delta(WSSR) : 0                 limit for stopping : 1e-05
 lambda	  : 8.96285e+06

initial set of free parameter values

a               = 4.07607e-07
b               = 1

After 3 iterations the fit converged.
final sum of squares of residuals : 8.78108
rel. change during last iteration : -2.17716e-08

degrees of freedom    (FIT_NDF)                        : 8
rms of residuals      (FIT_STDFIT) = sqrt(WSSR/ndf)    : 1.04768
variance of residuals (reduced chisquare) = WSSR/ndf   : 1.09763

Final set of parameters            Asymptotic Standard Error
=======================            ==========================

a               = -2.71037e-08     +/- 2.787e-08    (102.8%)
b               = 1                +/- 0.3532       (35.32%)


correlation matrix of the fit parameters:

               a      b      
a               1.000 
b              -0.347  1.000 


*******************************************************************************
Tue May 31 16:25:23 2016


FIT:    data read from "./data/Nacho/cena_gala_nacho.dat"
        format = z
        #datapoints = 250
        residuals are weighted equally (unit weight)

function used for fitting: lineal(x)
fitted parameters initialized with current variable values



 Iteration 0
 WSSR        : 5.30038e+06       delta(WSSR)/WSSR   : 0
 delta(WSSR) : 0                 limit for stopping : 1e-05
 lambda	  : 102.371

initial set of free parameter values

l0              = 1
l1              = 1

After 5 iterations the fit converged.
final sum of squares of residuals : 0.0240844
rel. change during last iteration : -8.05038e-09

degrees of freedom    (FIT_NDF)                        : 248
rms of residuals      (FIT_STDFIT) = sqrt(WSSR/ndf)    : 0.00985467
variance of residuals (reduced chisquare) = WSSR/ndf   : 9.71145e-05

Final set of parameters            Asymptotic Standard Error
=======================            ==========================

l0              = 0.000318494      +/- 8.636e-06    (2.712%)
l1              = -0.0176389       +/- 0.00125      (7.088%)


correlation matrix of the fit parameters:

               l0     l1     
l0              1.000 
l1             -0.867  1.000 


*******************************************************************************
Tue May 31 16:25:23 2016


FIT:    data read from "./data/Nacho/cena_gala_nacho.dat"
        format = z
        #datapoints = 250
        residuals are weighted equally (unit weight)

function used for fitting: cuadratica(x)
fitted parameters initialized with current variable values



 Iteration 0
 WSSR        : 1.99255e+11       delta(WSSR)/WSSR   : 0
 delta(WSSR) : 0                 limit for stopping : 1e-05
 lambda	  : 16218.3

initial set of free parameter values

c0              = 1
c1              = 1
c2              = 1

After 8 iterations the fit converged.
final sum of squares of residuals : 0.000647968
rel. change during last iteration : -2.20867e-14

degrees of freedom    (FIT_NDF)                        : 247
rms of residuals      (FIT_STDFIT) = sqrt(WSSR/ndf)    : 0.00161968
variance of residuals (reduced chisquare) = WSSR/ndf   : 2.62335e-06

Final set of parameters            Asymptotic Standard Error
=======================            ==========================

c0              = 2.0785e-06       +/- 2.199e-08    (1.058%)
c1              = -0.000203209     +/- 5.699e-06    (2.805%)
c2              = 0.00427259       +/- 0.0003098    (7.251%)


correlation matrix of the fit parameters:

               c0     c1     c2     
c0              1.000 
c1             -0.968  1.000 
c2              0.748 -0.868  1.000 


*******************************************************************************
Tue May 31 16:25:24 2016


FIT:    data read from "./data/Nacho/cena_gala_backtracking_cuentaperdida.dat"
        format = z
        #datapoints = 10
        residuals are weighted equally (unit weight)

function used for fitting: factorial(x)
fitted parameters initialized with current variable values



 Iteration 0
 WSSR        : 1.33015e+13       delta(WSSR)/WSSR   : 0
 delta(WSSR) : 0                 limit for stopping : 1e-05
 lambda	  : 815522

initial set of free parameter values

a               = 1
b               = 1

After 9 iterations the fit converged.
final sum of squares of residuals : 0.010977
rel. change during last iteration : -1.72483e-06

degrees of freedom    (FIT_NDF)                        : 8
rms of residuals      (FIT_STDFIT) = sqrt(WSSR/ndf)    : 0.0370422
variance of residuals (reduced chisquare) = WSSR/ndf   : 0.00137213

Final set of parameters            Asymptotic Standard Error
=======================            ==========================

a               = 8.12701e-09      +/- 1.084e-08    (133.4%)
b               = 0.0133954        +/- 0.01251      (93.36%)


correlation matrix of the fit parameters:

               a      b      
a               1.000 
b              -0.350  1.000 


*******************************************************************************
Tue May 31 16:25:24 2016


FIT:    data read from "./data/Nacho/cena_gala_luis.dat"
        format = z
        #datapoints = 10
        residuals are weighted equally (unit weight)

function used for fitting: factorial(x)
fitted parameters initialized with current variable values



 Iteration 0
 WSSR        : 2.20728           delta(WSSR)/WSSR   : 0
 delta(WSSR) : 0                 limit for stopping : 1e-05
 lambda	  : 815522

initial set of free parameter values

a               = 8.12701e-09
b               = 0.0133954

After 3 iterations the fit converged.
final sum of squares of residuals : 0.00141467
rel. change during last iteration : -1.14225e-06

degrees of freedom    (FIT_NDF)                        : 8
rms of residuals      (FIT_STDFIT) = sqrt(WSSR/ndf)    : 0.0132979
variance of residuals (reduced chisquare) = WSSR/ndf   : 0.000176834

Final set of parameters            Asymptotic Standard Error
=======================            ==========================

a               = 4.15356e-07      +/- 3.892e-09    (0.9371%)
b               = 0.0133953        +/- 0.004489     (33.51%)


correlation matrix of the fit parameters:

               a      b      
a               1.000 
b              -0.350  1.000 


*******************************************************************************
Tue May 31 16:25:24 2016


FIT:    data read from "./data/Nacho/cena_gala_diego.dat"
        format = z
        #datapoints = 9
        residuals are weighted equally (unit weight)

function used for fitting: factorial(x)
fitted parameters initialized with current variable values



 Iteration 0
 WSSR        : 2.33153           delta(WSSR)/WSSR   : 0
 delta(WSSR) : 0                 limit for stopping : 1e-05
 lambda	  : 859636

initial set of free parameter values

a               = 4.15356e-07
b               = 0.0133953

After 3 iterations the fit converged.
final sum of squares of residuals : 0.00124843
rel. change during last iteration : -1.80287e-06

degrees of freedom    (FIT_NDF)                        : 7
rms of residuals      (FIT_STDFIT) = sqrt(WSSR/ndf)    : 0.0133547
variance of residuals (reduced chisquare) = WSSR/ndf   : 0.000178347

Final set of parameters            Asymptotic Standard Error
=======================            ==========================

a               = -3.19948e-09     +/- 3.94e-09     (123.1%)
b               = 0.0133953        +/- 0.00479      (35.76%)


correlation matrix of the fit parameters:

               a      b      
a               1.000 
b              -0.369  1.000 


*******************************************************************************
Tue May 31 16:25:45 2016


FIT:    data read from "./data/Nacho/cena_gala_nacho.dat"
        format = z
        #datapoints = 250
        residuals are weighted equally (unit weight)

function used for fitting: lineal(x)
fitted parameters initialized with current variable values



 Iteration 0
 WSSR        : 5.3003e+06        delta(WSSR)/WSSR   : 0
 delta(WSSR) : 0                 limit for stopping : 1e-05
 lambda	  : 102.371

initial set of free parameter values

l0              = 1
l1              = 1

After 5 iterations the fit converged.
final sum of squares of residuals : 0.0295348
rel. change during last iteration : -6.57825e-09

degrees of freedom    (FIT_NDF)                        : 248
rms of residuals      (FIT_STDFIT) = sqrt(WSSR/ndf)    : 0.0109129
variance of residuals (reduced chisquare) = WSSR/ndf   : 0.000119092

Final set of parameters            Asymptotic Standard Error
=======================            ==========================

l0              = 0.000333001      +/- 9.564e-06    (2.872%)
l1              = -0.0186792       +/- 0.001385     (7.412%)


correlation matrix of the fit parameters:

               l0     l1     
l0              1.000 
l1             -0.867  1.000 


*******************************************************************************
Tue May 31 16:25:45 2016


FIT:    data read from "./data/Nacho/cena_gala_nacho.dat"
        format = z
        #datapoints = 250
        residuals are weighted equally (unit weight)

function used for fitting: cuadratica(x)
fitted parameters initialized with current variable values



 Iteration 0
 WSSR        : 1.99255e+11       delta(WSSR)/WSSR   : 0
 delta(WSSR) : 0                 limit for stopping : 1e-05
 lambda	  : 16218.3

initial set of free parameter values

c0              = 1
c1              = 1
c2              = 1

After 8 iterations the fit converged.
final sum of squares of residuals : 0.00160597
rel. change during last iteration : -7.15613e-15

degrees of freedom    (FIT_NDF)                        : 247
rms of residuals      (FIT_STDFIT) = sqrt(WSSR/ndf)    : 0.00254988
variance of residuals (reduced chisquare) = WSSR/ndf   : 6.50191e-06

Final set of parameters            Asymptotic Standard Error
=======================            ==========================

c0              = 2.26898e-06      +/- 3.462e-08    (1.526%)
c1              = -0.000236512     +/- 8.972e-06    (3.794%)
c2              = 0.00524038       +/- 0.0004877    (9.307%)


correlation matrix of the fit parameters:

               c0     c1     c2     
c0              1.000 
c1             -0.968  1.000 
c2              0.748 -0.868  1.000 


*******************************************************************************
Tue May 31 16:25:45 2016


FIT:    data read from "./data/Nacho/cena_gala_backtracking_cuentaperdida.dat"
        format = z
        #datapoints = 10
        residuals are weighted equally (unit weight)

function used for fitting: factorial(x)
fitted parameters initialized with current variable values



 Iteration 0
 WSSR        : 1.33015e+13       delta(WSSR)/WSSR   : 0
 delta(WSSR) : 0                 limit for stopping : 1e-05
 lambda	  : 815522

initial set of free parameter values

a               = 1
b               = 1

After 10 iterations the fit converged.
final sum of squares of residuals : 9.98235e-05
rel. change during last iteration : -1.34407e-14

degrees of freedom    (FIT_NDF)                        : 8
rms of residuals      (FIT_STDFIT) = sqrt(WSSR/ndf)    : 0.00353241
variance of residuals (reduced chisquare) = WSSR/ndf   : 1.24779e-05

Final set of parameters            Asymptotic Standard Error
=======================            ==========================

a               = 3.72941e-07      +/- 1.034e-09    (0.2773%)
b               = 0.00160567       +/- 0.001193     (74.27%)


correlation matrix of the fit parameters:

               a      b      
a               1.000 
b              -0.350  1.000 


*******************************************************************************
Tue May 31 16:25:45 2016


FIT:    data read from "./data/Nacho/cena_gala_luis.dat"
        format = z
        #datapoints = 10
        residuals are weighted equally (unit weight)

function used for fitting: factorial(x)
fitted parameters initialized with current variable values



 Iteration 0
 WSSR        : 0.109532          delta(WSSR)/WSSR   : 0
 delta(WSSR) : 0                 limit for stopping : 1e-05
 lambda	  : 815522

initial set of free parameter values

a               = 3.72941e-07
b               = 0.00160567

After 3 iterations the fit converged.
final sum of squares of residuals : 1.72601e-05
rel. change during last iteration : -3.79565e-06

degrees of freedom    (FIT_NDF)                        : 8
rms of residuals      (FIT_STDFIT) = sqrt(WSSR/ndf)    : 0.00146885
variance of residuals (reduced chisquare) = WSSR/ndf   : 2.15751e-06

Final set of parameters            Asymptotic Standard Error
=======================            ==========================

a               = 4.63678e-07      +/- 4.3e-10      (0.09273%)
b               = 0.00160567       +/- 0.0004959    (30.88%)


correlation matrix of the fit parameters:

               a      b      
a               1.000 
b              -0.350  1.000 


*******************************************************************************
Tue May 31 16:25:45 2016


FIT:    data read from "./data/Nacho/cena_gala_diego.dat"
        format = z
        #datapoints = 9
        residuals are weighted equally (unit weight)

function used for fitting: factorial(x)
fitted parameters initialized with current variable values



 Iteration 0
 WSSR        : 2.85518           delta(WSSR)/WSSR   : 0
 delta(WSSR) : 0                 limit for stopping : 1e-05
 lambda	  : 859636

initial set of free parameter values

a               = 4.63678e-07
b               = 0.00160567

After 4 iterations the fit converged.
final sum of squares of residuals : 1.65113e-05
rel. change during last iteration : -5.5662e-06

degrees of freedom    (FIT_NDF)                        : 7
rms of residuals      (FIT_STDFIT) = sqrt(WSSR/ndf)    : 0.00153583
variance of residuals (reduced chisquare) = WSSR/ndf   : 2.35876e-06

Final set of parameters            Asymptotic Standard Error
=======================            ==========================

a               = 3.75225e-10      +/- 4.531e-10    (120.8%)
b               = 0.00160566       +/- 0.0005508    (34.31%)


correlation matrix of the fit parameters:

               a      b      
a               1.000 
b              -0.369  1.000 
